  [1m[36m (1.2ms)[0m  [1mCREATE TABLE "schema_migrations" ("version" varchar NOT NULL) [0m
  [1m[35m (0.0ms)[0m  select sqlite_version(*)
  [1m[36m (1.0ms)[0m  [1mCREATE UNIQUE INDEX "unique_schema_migrations" ON "schema_migrations" ("version")[0m
  [1m[35mActiveRecord::SchemaMigration Load (0.1ms)[0m  SELECT "schema_migrations".* FROM "schema_migrations"
  [1m[36mActiveRecord::SchemaMigration Load (0.1ms)[0m  [1mSELECT "schema_migrations".* FROM "schema_migrations"[0m
Migrating to CreatePosts (20151230232412)
  [1m[35m (0.1ms)[0m  begin transaction
  [1m[36m (0.4ms)[0m  [1mCREATE TABLE "posts" ("id" INTEGER PRIMARY KEY AUTOINCREMENT NOT NULL, "title" varchar, "description" text, "created_at" datetime NOT NULL, "updated_at" datetime NOT NULL) [0m
  [1m[35mSQL (0.2ms)[0m  INSERT INTO "schema_migrations" ("version") VALUES (?)  [["version", "20151230232412"]]
  [1m[36m (1.3ms)[0m  [1mcommit transaction[0m
  [1m[35mActiveRecord::SchemaMigration Load (0.1ms)[0m  SELECT "schema_migrations".* FROM "schema_migrations"


Started GET "/posts/new" for ::1 at 2015-12-31 13:44:56 -0600
  [1m[36mActiveRecord::SchemaMigration Load (0.1ms)[0m  [1mSELECT "schema_migrations".* FROM "schema_migrations"[0m
Processing by PostsController#new as HTML
  Rendered posts/new.html.erb within layouts/application (2.1ms)
Completed 200 OK in 347ms (Views: 326.8ms | ActiveRecord: 0.2ms)


Started GET "/assets/application.self-e80e8f2318043e8af94dddc2adad5a4f09739a8ebb323b3ab31cd71d45fd9113.css?body=1" for ::1 at 2015-12-31 13:44:57 -0600


Started GET "/assets/application.self-3b8dabdc891efe46b9a144b400ad69e37d7e5876bdc39dee783419a69d7ca819.js?body=1" for ::1 at 2015-12-31 13:44:57 -0600


Started POST "/posts" for ::1 at 2015-12-31 13:45:03 -0600
Processing by PostsController#create as HTML
  Parameters: {"utf8"=>"✓", "authenticity_token"=>"mFCuNJP5reOW19phdr4zXRLzOMo4NZQ3wneiVR+RO/+owIoDiOxh24iHKkZ7DGazxbSIoRmvIOmJgA4gog1sGg==", "title"=>"Rails Introduction Quiz", "description"=>"asdfasdf", "commit"=>"Submit Post"}
  [1m[35m (0.1ms)[0m  begin transaction
  [1m[36mSQL (0.4ms)[0m  [1mINSERT INTO "posts" ("title", "description", "created_at", "updated_at") VALUES (?, ?, ?, ?)[0m  [["title", "Rails Introduction Quiz"], ["description", "asdfasdf"], ["created_at", "2015-12-31 19:45:03.614973"], ["updated_at", "2015-12-31 19:45:03.614973"]]
  [1m[35m (1.2ms)[0m  commit transaction
Redirected to http://localhost:3000/posts/1
Completed 302 Found in 22ms (ActiveRecord: 1.7ms)


Started GET "/posts/1" for ::1 at 2015-12-31 13:45:03 -0600
Processing by PostsController#show as HTML
  Parameters: {"id"=>"1"}
  [1m[36mPost Load (0.2ms)[0m  [1mSELECT  "posts".* FROM "posts" WHERE "posts"."id" = ? LIMIT 1[0m  [["id", 1]]
  Rendered posts/show.html.erb within layouts/application (0.4ms)
Completed 200 OK in 27ms (Views: 10.4ms | ActiveRecord: 0.2ms)
  [1m[35m (0.1ms)[0m  [1m[36mbegin transaction[0m
  [1m[35mSQL (3.7ms)[0m  [1m[32mINSERT INTO "posts" ("title", "description", "created_at", "updated_at") VALUES (?, ?, ?, ?)[0m  [["title", "Title Goes Here"], ["description", "Desc goes here..."], ["created_at", "2020-12-14 20:37:13.172668"], ["updated_at", "2020-12-14 20:37:13.172668"]]
  [1m[35m (0.8ms)[0m  [1m[36mcommit transaction[0m
Started GET "/posts/nwe" for ::1 at 2020-12-14 13:47:19 -0700
  [1m[36mActiveRecord::SchemaMigration Load (0.6ms)[0m  [1m[34mSELECT "schema_migrations".* FROM "schema_migrations"[0m
Processing by PostsController#show as HTML
  Parameters: {"id"=>"nwe"}
  [1m[36mPost Load (0.3ms)[0m  [1m[34mSELECT  "posts".* FROM "posts" WHERE "posts"."id" = ? LIMIT ?[0m  [["id", 0], ["LIMIT", 1]]
Completed 404 Not Found in 21ms (ActiveRecord: 0.9ms)


  
ActiveRecord::RecordNotFound (Couldn't find Post with 'id'=nwe):
  
app/controllers/posts_controller.rb:7:in `show'
  Rendering /Users/dakotacoppage/.rvm/gems/ruby-2.6.1/gems/actionpack-5.0.7.2/lib/action_dispatch/middleware/templates/rescues/diagnostics.html.erb within rescues/layout
  Rendering /Users/dakotacoppage/.rvm/gems/ruby-2.6.1/gems/actionpack-5.0.7.2/lib/action_dispatch/middleware/templates/rescues/_source.html.erb
  Rendered /Users/dakotacoppage/.rvm/gems/ruby-2.6.1/gems/actionpack-5.0.7.2/lib/action_dispatch/middleware/templates/rescues/_source.html.erb (2.7ms)
  Rendering /Users/dakotacoppage/.rvm/gems/ruby-2.6.1/gems/actionpack-5.0.7.2/lib/action_dispatch/middleware/templates/rescues/_trace.html.erb
  Rendered /Users/dakotacoppage/.rvm/gems/ruby-2.6.1/gems/actionpack-5.0.7.2/lib/action_dispatch/middleware/templates/rescues/_trace.html.erb (1.0ms)
  Rendering /Users/dakotacoppage/.rvm/gems/ruby-2.6.1/gems/actionpack-5.0.7.2/lib/action_dispatch/middleware/templates/rescues/_request_and_response.html.erb
  Rendered /Users/dakotacoppage/.rvm/gems/ruby-2.6.1/gems/actionpack-5.0.7.2/lib/action_dispatch/middleware/templates/rescues/_request_and_response.html.erb (1.0ms)
  Rendered /Users/dakotacoppage/.rvm/gems/ruby-2.6.1/gems/actionpack-5.0.7.2/lib/action_dispatch/middleware/templates/rescues/diagnostics.html.erb within rescues/layout (31.8ms)
Started GET "/posts/new" for ::1 at 2020-12-14 13:47:26 -0700
Processing by PostsController#new as HTML
  Rendering posts/new.html.erb within layouts/application
  Rendered posts/new.html.erb within layouts/application (1.6ms)
Completed 200 OK in 395ms (Views: 377.7ms | ActiveRecord: 0.0ms)


Started POST "/posts" for ::1 at 2020-12-14 13:47:35 -0700
Processing by PostsController#create as HTML
  Parameters: {"utf8"=>"✓", "authenticity_token"=>"eiFYvFkOmdD46Kzl9N0ZIReP+YCBqPWJk7/Oplt7Up3UWZswoJDTT8tQRm7gUKgg11W3EU++ciw0kj8X/jT8IQ==", "title"=>"Bleed American", "description"=>"the best", "commit"=>"Submit Post"}
  [1m[35m (0.1ms)[0m  [1m[36mbegin transaction[0m
  [1m[35mSQL (2.7ms)[0m  [1m[32mINSERT INTO "posts" ("title", "description", "created_at", "updated_at") VALUES (?, ?, ?, ?)[0m  [["title", "Bleed American"], ["description", "the best"], ["created_at", "2020-12-14 20:47:35.385694"], ["updated_at", "2020-12-14 20:47:35.385694"]]
  [1m[35m (0.7ms)[0m  [1m[36mcommit transaction[0m
No template found for PostsController#create, rendering head :no_content
Completed 204 No Content in 29ms (ActiveRecord: 3.5ms)


Started GET "/posts/new" for ::1 at 2020-12-14 13:47:47 -0700
Processing by PostsController#new as HTML
  Rendering posts/new.html.erb within layouts/application
  Rendered posts/new.html.erb within layouts/application (0.8ms)
Completed 200 OK in 16ms (Views: 15.0ms | ActiveRecord: 0.0ms)


Started POST "/posts" for ::1 at 2020-12-14 13:47:56 -0700
Processing by PostsController#create as HTML
  Parameters: {"utf8"=>"✓", "authenticity_token"=>"dhOXIGyjkbrRzciGYH0oDOTXr+eIX1AEUM5SiKUU8ZHYa1SslT3bJeJ1Ig108JkNJA3hdkZJ16H346M5AFtfLQ==", "title"=>"Bleed American", "description"=>"the best", "commit"=>"Submit Post"}
  [1m[35m (0.1ms)[0m  [1m[36mbegin transaction[0m
  [1m[35mSQL (0.4ms)[0m  [1m[32mINSERT INTO "posts" ("title", "description", "created_at", "updated_at") VALUES (?, ?, ?, ?)[0m  [["title", "Bleed American"], ["description", "the best"], ["created_at", "2020-12-14 20:47:56.345985"], ["updated_at", "2020-12-14 20:47:56.345985"]]
  [1m[35m (0.7ms)[0m  [1m[36mcommit transaction[0m
No template found for PostsController#create, rendering head :no_content
Completed 204 No Content in 28ms (ActiveRecord: 1.1ms)


  [1m[36mPost Load (0.4ms)[0m  [1m[34mSELECT  "posts".* FROM "posts" ORDER BY "posts"."id" DESC LIMIT ?[0m  [["LIMIT", 1]]
Started GET "/posts/new" for ::1 at 2020-12-14 13:51:35 -0700
  [1m[36mActiveRecord::SchemaMigration Load (0.2ms)[0m  [1m[34mSELECT "schema_migrations".* FROM "schema_migrations"[0m
Processing by PostsController#new as HTML
  Rendering posts/new.html.erb within layouts/application
  Rendered posts/new.html.erb within layouts/application (4.1ms)
Completed 200 OK in 192ms (Views: 182.0ms | ActiveRecord: 0.4ms)


Started POST "/posts" for ::1 at 2020-12-14 13:51:52 -0700
Processing by PostsController#create as HTML
  Parameters: {"utf8"=>"✓", "authenticity_token"=>"fvOkbuQak/9mnQ3jnjqd4vrvBljoDNon65SdVUi+c6jQi2fiHYTZYFUl52iKtyzjOjVIySYaXYJMuWzk7fHdFA==", "title"=>"Juicy", "description"=>"It indeed was", "commit"=>"Submit Post"}
  [1m[35m (0.1ms)[0m  [1m[36mbegin transaction[0m
  [1m[35mSQL (0.6ms)[0m  [1m[32mINSERT INTO "posts" ("title", "description", "created_at", "updated_at") VALUES (?, ?, ?, ?)[0m  [["title", "Juicy"], ["description", "It indeed was"], ["created_at", "2020-12-14 20:51:52.061344"], ["updated_at", "2020-12-14 20:51:52.061344"]]
  [1m[35m (3.3ms)[0m  [1m[36mcommit transaction[0m
Completed 500 Internal Server Error in 6ms (ActiveRecord: 4.0ms)


  
ActionController::UrlGenerationError (No route matches {:action=>"show", :controller=>"posts", :id=>nil} missing required keys: [:id]):
  
app/controllers/posts_controller.rb:19:in `create'
  Rendering /Users/dakotacoppage/.rvm/gems/ruby-2.6.1/gems/actionpack-5.0.7.2/lib/action_dispatch/middleware/templates/rescues/diagnostics.html.erb within rescues/layout
  Rendering /Users/dakotacoppage/.rvm/gems/ruby-2.6.1/gems/actionpack-5.0.7.2/lib/action_dispatch/middleware/templates/rescues/_source.html.erb
  Rendered /Users/dakotacoppage/.rvm/gems/ruby-2.6.1/gems/actionpack-5.0.7.2/lib/action_dispatch/middleware/templates/rescues/_source.html.erb (2.4ms)
  Rendering /Users/dakotacoppage/.rvm/gems/ruby-2.6.1/gems/actionpack-5.0.7.2/lib/action_dispatch/middleware/templates/rescues/_trace.html.erb
  Rendered /Users/dakotacoppage/.rvm/gems/ruby-2.6.1/gems/actionpack-5.0.7.2/lib/action_dispatch/middleware/templates/rescues/_trace.html.erb (1.1ms)
  Rendering /Users/dakotacoppage/.rvm/gems/ruby-2.6.1/gems/actionpack-5.0.7.2/lib/action_dispatch/middleware/templates/rescues/_request_and_response.html.erb
  Rendered /Users/dakotacoppage/.rvm/gems/ruby-2.6.1/gems/actionpack-5.0.7.2/lib/action_dispatch/middleware/templates/rescues/_request_and_response.html.erb (0.8ms)
  Rendered /Users/dakotacoppage/.rvm/gems/ruby-2.6.1/gems/actionpack-5.0.7.2/lib/action_dispatch/middleware/templates/rescues/diagnostics.html.erb within rescues/layout (23.9ms)
Started POST "/posts" for ::1 at 2020-12-14 13:52:05 -0700
Processing by PostsController#create as HTML
  Parameters: {"utf8"=>"✓", "authenticity_token"=>"fvOkbuQak/9mnQ3jnjqd4vrvBljoDNon65SdVUi+c6jQi2fiHYTZYFUl52iKtyzjOjVIySYaXYJMuWzk7fHdFA==", "title"=>"Juicy", "description"=>"It indeed was", "commit"=>"Submit Post"}
  [1m[35m (0.0ms)[0m  [1m[36mbegin transaction[0m
  [1m[35mSQL (0.4ms)[0m  [1m[32mINSERT INTO "posts" ("title", "description", "created_at", "updated_at") VALUES (?, ?, ?, ?)[0m  [["title", "Juicy"], ["description", "It indeed was"], ["created_at", "2020-12-14 20:52:05.383837"], ["updated_at", "2020-12-14 20:52:05.383837"]]
  [1m[35m (2.4ms)[0m  [1m[36mcommit transaction[0m
Redirected to http://localhost:3000/posts
Completed 302 Found in 11ms (ActiveRecord: 3.6ms)


Started GET "/posts" for ::1 at 2020-12-14 13:52:05 -0700
Processing by PostsController#index as HTML
  Rendering posts/index.html.erb within layouts/application
  [1m[36mPost Load (0.1ms)[0m  [1m[34mSELECT "posts".* FROM "posts"[0m
  Rendered posts/index.html.erb within layouts/application (1.0ms)
Completed 200 OK in 20ms (Views: 17.9ms | ActiveRecord: 0.1ms)


